Using pre-set license
Built from '2020.2/staging' branch; Version is '2020.2.0b6 (24a0f8b56f72) revision 2400504'; Using compiler version '192528614'; Build Type 'Release'
OS: 'Windows 10  (10.0.0) 64bit' Language: 'ru' Physical Memory: 7976 MB
BatchMode: 1, IsHumanControllingUs: 0, StartBugReporterOnCrash: 0, Is64bit: 1, IsPro: 0

 COMMAND LINE ARGUMENTS:
C:\Program Files\Unity\Hub\Editor\2020.2.0b6\Editor\Unity.exe
-adb2
-batchMode
-noUpm
-name
AssetImportWorker0
-projectPath
C:/Users/Artem/Documents/Project/ProjectXClient
-logFile
Logs/AssetImportWorker0.log
-srvPort
52407
Successfully changed project path to: C:/Users/Artem/Documents/Project/ProjectXClient
C:/Users/Artem/Documents/Project/ProjectXClient
Using Asset Import Pipeline V2.
Refreshing native plugins compatible for Editor in 69.22 ms, found 1 plugins.
Preloading 0 native plugins for Editor in 0.00 ms.
Initialize engine version: 2020.2.0b6 (24a0f8b56f72)
[Subsystems] Discovering subsystems at path C:/Program Files/Unity/Hub/Editor/2020.2.0b6/Editor/Data/Resources/UnitySubsystems
[Subsystems] Discovering subsystems at path C:/Users/Artem/Documents/Project/ProjectXClient/Assets
GfxDevice: creating device client; threaded=0
Direct3D:
    Version:  Direct3D 11.0 [level 11.1]
    Renderer: Intel(R) UHD Graphics (ID=0x9b41)
    Vendor:   
    VRAM:     3988 MB
    Driver:   26.20.100.7262
Initialize mono
Mono path[0] = 'C:/Program Files/Unity/Hub/Editor/2020.2.0b6/Editor/Data/Managed'
Mono path[1] = 'C:/Program Files/Unity/Hub/Editor/2020.2.0b6/Editor/Data/MonoBleedingEdge/lib/mono/unityjit'
Mono config path = 'C:/Program Files/Unity/Hub/Editor/2020.2.0b6/Editor/Data/MonoBleedingEdge/etc'
Using monoOptions --debugger-agent=transport=dt_socket,embedding=1,server=y,suspend=n,address=127.0.0.1:56396
Begin MonoManager ReloadAssembly
Registering precompiled unity dll's ...
Register platform support module: C:/Program Files/Unity/Hub/Editor/2020.2.0b6/Editor/Data/PlaybackEngines/WindowsStandaloneSupport/UnityEditor.WindowsStandalone.Extensions.dll
Registered in 0.002350 seconds.
Native extension for WindowsStandalone target not found
Refreshing native plugins compatible for Editor in 56.81 ms, found 1 plugins.
Preloading 0 native plugins for Editor in 0.00 ms.
Invoked RoslynAnalysisRunner static constructor.
RoslynAnalysisRunner will not be running.
RoslynAnalysisRunner has terminated.
Mono: successfully reloaded assembly
- Completed reload, in  3.319 seconds
Platform modules already initialized, skipping
Registering precompiled user dll's ...
Registered in 0.007102 seconds.
Begin MonoManager ReloadAssembly
Symbol file LoadedFromMemory doesn't match image C:\Users\Artem\Documents\Project\ProjectXClient\Library\PackageCache\com.unity.ext.nunit@1.0.0\net35\unity-custom\nunit.framework.dll
Native extension for WindowsStandalone target not found
Refreshing native plugins compatible for Editor in 0.46 ms, found 1 plugins.
Preloading 0 native plugins for Editor in 0.00 ms.
DisplayProgressbar: Restoring NuGet Packages
Invoked RoslynAnalysisRunner static constructor.
RoslynAnalysisRunner will not be running.
RoslynAnalysisRunner has terminated.
Mono: successfully reloaded assembly
- Completed reload, in  1.519 seconds
Platform modules already initialized, skipping
========================================================================
Worker process is ready to serve import requests
Launched and connected shader compiler UnityShaderCompiler.exe after 0.04 seconds
Refreshing native plugins compatible for Editor in 0.37 ms, found 1 plugins.
Preloading 0 native plugins for Editor in 0.00 ms.
Unloading 1128 Unused Serialized files (Serialized files now loaded: 0)
System memory in use before: 76.8 MB.
System memory in use after: 76.7 MB.

Unloading 24 unused Assets to reduce memory usage. Loaded Objects now: 1578.
Total: 2.158500 ms (FindLiveObjects: 0.333200 ms CreateObjectMapping: 0.053900 ms MarkObjects: 1.538600 ms  DeleteObjects: 0.231700 ms)

========================================================================
Received Import Request.
  path: Assets/NetworkManagerImpl.cs
  artifactKey: Guid(8196eac8b74bb684c8f9fea66b2ce1ab) Importer(815301076,1909f56bfc062723c751e8b465ee728b)
Start importing Assets/NetworkManagerImpl.cs using Guid(8196eac8b74bb684c8f9fea66b2ce1ab) Importer(815301076,1909f56bfc062723c751e8b465ee728b)  -> (artifact id: 'a39b4728e439f63c713a9159d92f5812') in 0.024683 seconds
  Import took 0.028645 seconds .

========================================================================
Received Prepare
Reloading mono domain
Begin MonoManager ReloadAssembly
Registering precompiled unity dll's ...
Register platform support module: C:/Program Files/Unity/Hub/Editor/2020.2.0b6/Editor/Data/PlaybackEngines/WindowsStandaloneSupport/UnityEditor.WindowsStandalone.Extensions.dll
Registered in 0.006034 seconds.
Symbol file LoadedFromMemory doesn't match image C:\Users\Artem\Documents\Project\ProjectXClient\Library\PackageCache\com.unity.ext.nunit@1.0.0\net35\unity-custom\nunit.framework.dll
Native extension for WindowsStandalone target not found
Refreshing native plugins compatible for Editor in 122.52 ms, found 1 plugins.
Preloading 0 native plugins for Editor in 0.00 ms.
Invoked RoslynAnalysisRunner static constructor.
RoslynAnalysisRunner will not be running.
RoslynAnalysisRunner has terminated.
Mono: successfully reloaded assembly
- Completed reload, in  5.027 seconds
Platform modules already initialized, skipping
Registering precompiled user dll's ...
Registered in 0.018035 seconds.
Begin MonoManager ReloadAssembly
Symbol file LoadedFromMemory doesn't match image C:\Users\Artem\Documents\Project\ProjectXClient\Library\PackageCache\com.unity.ext.nunit@1.0.0\net35\unity-custom\nunit.framework.dll
Native extension for WindowsStandalone target not found
Refreshing native plugins compatible for Editor in 1.08 ms, found 1 plugins.
Preloading 0 native plugins for Editor in 0.00 ms.
Invoked RoslynAnalysisRunner static constructor.
RoslynAnalysisRunner will not be running.
RoslynAnalysisRunner has terminated.
Mono: successfully reloaded assembly
- Completed reload, in  4.014 seconds
Platform modules already initialized, skipping
Refreshing native plugins compatible for Editor in 0.44 ms, found 1 plugins.
Preloading 0 native plugins for Editor in 0.00 ms.
Unloading 24 Unused Serialized files (Serialized files now loaded: 0)
System memory in use before: 66.2 MB.
System memory in use after: 66.1 MB.

Unloading 19 unused Assets to reduce memory usage. Loaded Objects now: 1590.
Total: 6.802000 ms (FindLiveObjects: 0.362800 ms CreateObjectMapping: 0.059800 ms MarkObjects: 5.046200 ms  DeleteObjects: 1.329100 ms)

========================================================================
Received Prepare
Reloading mono domain
Begin MonoManager ReloadAssembly
Registering precompiled unity dll's ...
Register platform support module: C:/Program Files/Unity/Hub/Editor/2020.2.0b6/Editor/Data/PlaybackEngines/WindowsStandaloneSupport/UnityEditor.WindowsStandalone.Extensions.dll
Registered in 0.005609 seconds.
Symbol file LoadedFromMemory doesn't match image C:\Users\Artem\Documents\Project\ProjectXClient\Library\PackageCache\com.unity.ext.nunit@1.0.0\net35\unity-custom\nunit.framework.dll
Native extension for WindowsStandalone target not found
Refreshing native plugins compatible for Editor in 131.29 ms, found 1 plugins.
Preloading 0 native plugins for Editor in 0.00 ms.
Invoked RoslynAnalysisRunner static constructor.
RoslynAnalysisRunner will not be running.
RoslynAnalysisRunner has terminated.
Mono: successfully reloaded assembly
- Completed reload, in  3.366 seconds
Platform modules already initialized, skipping
Registering precompiled user dll's ...
Registered in 0.015415 seconds.
Begin MonoManager ReloadAssembly
Symbol file LoadedFromMemory doesn't match image C:\Users\Artem\Documents\Project\ProjectXClient\Library\PackageCache\com.unity.ext.nunit@1.0.0\net35\unity-custom\nunit.framework.dll
Native extension for WindowsStandalone target not found
Refreshing native plugins compatible for Editor in 0.72 ms, found 1 plugins.
Preloading 0 native plugins for Editor in 0.00 ms.
Invoked RoslynAnalysisRunner static constructor.
RoslynAnalysisRunner will not be running.
RoslynAnalysisRunner has terminated.
Mono: successfully reloaded assembly
- Completed reload, in  3.214 seconds
Platform modules already initialized, skipping
Refreshing native plugins compatible for Editor in 1.03 ms, found 1 plugins.
Preloading 0 native plugins for Editor in 0.00 ms.
Unloading 25 Unused Serialized files (Serialized files now loaded: 0)
System memory in use before: 77.3 MB.
System memory in use after: 77.2 MB.

Unloading 19 unused Assets to reduce memory usage. Loaded Objects now: 1602.
Total: 5.701700 ms (FindLiveObjects: 0.731400 ms CreateObjectMapping: 0.097100 ms MarkObjects: 4.469200 ms  DeleteObjects: 0.398700 ms)

========================================================================
Received Prepare
Reloading mono domain
Begin MonoManager ReloadAssembly
Registering precompiled unity dll's ...
Register platform support module: C:/Program Files/Unity/Hub/Editor/2020.2.0b6/Editor/Data/PlaybackEngines/WindowsStandaloneSupport/UnityEditor.WindowsStandalone.Extensions.dll
Registered in 0.006735 seconds.
Symbol file LoadedFromMemory doesn't match image C:\Users\Artem\Documents\Project\ProjectXClient\Library\PackageCache\com.unity.ext.nunit@1.0.0\net35\unity-custom\nunit.framework.dll
Native extension for WindowsStandalone target not found
Refreshing native plugins compatible for Editor in 110.01 ms, found 1 plugins.
Preloading 0 native plugins for Editor in 0.00 ms.
Invoked RoslynAnalysisRunner static constructor.
RoslynAnalysisRunner will not be running.
RoslynAnalysisRunner has terminated.
Mono: successfully reloaded assembly
- Completed reload, in  5.517 seconds
Platform modules already initialized, skipping
Registering precompiled user dll's ...
Registered in 0.015177 seconds.
Begin MonoManager ReloadAssembly
Symbol file LoadedFromMemory doesn't match image C:\Users\Artem\Documents\Project\ProjectXClient\Library\PackageCache\com.unity.ext.nunit@1.0.0\net35\unity-custom\nunit.framework.dll
Native extension for WindowsStandalone target not found
Refreshing native plugins compatible for Editor in 2.02 ms, found 1 plugins.
Preloading 0 native plugins for Editor in 0.00 ms.
Invoked RoslynAnalysisRunner static constructor.
RoslynAnalysisRunner will not be running.
RoslynAnalysisRunner has terminated.
Mono: successfully reloaded assembly
- Completed reload, in  3.452 seconds
Platform modules already initialized, skipping
Refreshing native plugins compatible for Editor in 0.56 ms, found 1 plugins.
Preloading 0 native plugins for Editor in 0.00 ms.
Unloading 25 Unused Serialized files (Serialized files now loaded: 0)
System memory in use before: 88.2 MB.
System memory in use after: 88.1 MB.

Unloading 19 unused Assets to reduce memory usage. Loaded Objects now: 1614.
Total: 4.366900 ms (FindLiveObjects: 0.395500 ms CreateObjectMapping: 0.136300 ms MarkObjects: 3.327200 ms  DeleteObjects: 0.501500 ms)

========================================================================
Received Import Request.
  Time since last request: 5470.583910 seconds.
  path: Assets/Packs/Polytope Studio/Lowpoly Medieval Characters/Sources/Animations/Anim_controllers
  artifactKey: Guid(4b56d4fa0ed597a4ca3ec42d8d4e451a) Importer(815301076,1909f56bfc062723c751e8b465ee728b)
Start importing Assets/Packs/Polytope Studio/Lowpoly Medieval Characters/Sources/Animations/Anim_controllers using Guid(4b56d4fa0ed597a4ca3ec42d8d4e451a) Importer(815301076,1909f56bfc062723c751e8b465ee728b)  -> (artifact id: 'c9706723030ee0d327601d2f6f91158f') in 0.021332 seconds
  Import took 0.028149 seconds .

========================================================================
Received Import Request.
  Time since last request: 0.000667 seconds.
  path: Assets/Packs/Village Asset/Models/Buildings/Coal_Mine.fbx
  artifactKey: Guid(14b20297b323282419b811cdfc2a9c0b) Importer(815301076,1909f56bfc062723c751e8b465ee728b)
Start importing Assets/Packs/Village Asset/Models/Buildings/Coal_Mine.fbx using Guid(14b20297b323282419b811cdfc2a9c0b) Importer(815301076,1909f56bfc062723c751e8b465ee728b)  -> (artifact id: 'badaaebd929fe358e86b09e2d2c44ce1') in 0.342682 seconds
  Import took 0.348027 seconds .

========================================================================
Received Import Request.
  Time since last request: 0.000387 seconds.
  path: Assets/Packs/Village Asset/Models/Coliders/Coal_Mine_colider.fbx
  artifactKey: Guid(7b26022fc7d36bb419cb4389c348b652) Importer(815301076,1909f56bfc062723c751e8b465ee728b)
Start importing Assets/Packs/Village Asset/Models/Coliders/Coal_Mine_colider.fbx using Guid(7b26022fc7d36bb419cb4389c348b652) Importer(815301076,1909f56bfc062723c751e8b465ee728b)  -> (artifact id: '34df3e59de9cbf6ef5a84e6230deec02') in 0.061122 seconds
  Import took 0.067330 seconds .

========================================================================
Received Import Request.
  Time since last request: 0.000331 seconds.
  path: Assets/Packs/Village Asset/Models/Coliders/Melter_colider.fbx
  artifactKey: Guid(cc7cc7d9f5b77e344b4f59367a12384c) Importer(815301076,1909f56bfc062723c751e8b465ee728b)
Start importing Assets/Packs/Village Asset/Models/Coliders/Melter_colider.fbx using Guid(cc7cc7d9f5b77e344b4f59367a12384c) Importer(815301076,1909f56bfc062723c751e8b465ee728b)  -> (artifact id: '09d02571d75891898950bdd7d6ac5319') in 0.066089 seconds
  Import took 0.070624 seconds .

========================================================================
Received Import Request.
  Time since last request: 0.000310 seconds.
  path: Assets/Packs/Village Asset/Models/Buildings/Weaponsmith_WarAxe_Shield.fbx
  artifactKey: Guid(4b6d9afb71df20e4cbca127405198afa) Importer(815301076,1909f56bfc062723c751e8b465ee728b)
Start importing Assets/Packs/Village Asset/Models/Buildings/Weaponsmith_WarAxe_Shield.fbx using Guid(4b6d9afb71df20e4cbca127405198afa) Importer(815301076,1909f56bfc062723c751e8b465ee728b)  -> (artifact id: '1c24d9bcb3eb186c9ac96629cb9ecc4c') in 0.063710 seconds
  Import took 0.069535 seconds .

========================================================================
Received Import Request.
  Time since last request: 0.000377 seconds.
  path: Assets/Packs/Polytope Studio/Lowpoly Medieval Characters/Sources/Animations
  artifactKey: Guid(733e960621c8f3a40874e28203579d9b) Importer(815301076,1909f56bfc062723c751e8b465ee728b)
Start importing Assets/Packs/Polytope Studio/Lowpoly Medieval Characters/Sources/Animations using Guid(733e960621c8f3a40874e28203579d9b) Importer(815301076,1909f56bfc062723c751e8b465ee728b)  -> (artifact id: '65ef2d54cae2258920ecd510877babbb') in 0.011524 seconds
  Import took 0.017334 seconds .

========================================================================
Received Import Request.
  Time since last request: 0.000248 seconds.
  path: Assets/Packs/Village Asset/Models/Buildings/Weaponsmith_bow.fbx
  artifactKey: Guid(275d2b53e43253947ba78c07ab04c1d7) Importer(815301076,1909f56bfc062723c751e8b465ee728b)
Start importing Assets/Packs/Village Asset/Models/Buildings/Weaponsmith_bow.fbx using Guid(275d2b53e43253947ba78c07ab04c1d7) Importer(815301076,1909f56bfc062723c751e8b465ee728b)  -> (artifact id: 'cc830952a25578f89a79651c1a870da2') in 0.051463 seconds
  Import took 0.056385 seconds .

========================================================================
Received Import Request.
  Time since last request: 0.000473 seconds.
  path: Assets/Packs/Polytope Studio/Lowpoly Medieval Characters/Sources/Animations
  artifactKey: Guid(733e960621c8f3a40874e28203579d9b) Importer(815301076,1909f56bfc062723c751e8b465ee728b)
Start importing Assets/Packs/Polytope Studio/Lowpoly Medieval Characters/Sources/Animations using Guid(733e960621c8f3a40874e28203579d9b) Importer(815301076,1909f56bfc062723c751e8b465ee728b)  -> (artifact id: '65ef2d54cae2258920ecd510877babbb') in 0.003466 seconds
  Import took 0.007236 seconds .

========================================================================
Received Import Request.
  Time since last request: 0.000282 seconds.
  path: Assets/Packs/Village Asset/Models/Buildings/Weaponsmith_bow.fbx
  artifactKey: Guid(275d2b53e43253947ba78c07ab04c1d7) Importer(815301076,1909f56bfc062723c751e8b465ee728b)
Start importing Assets/Packs/Village Asset/Models/Buildings/Weaponsmith_bow.fbx using Guid(275d2b53e43253947ba78c07ab04c1d7) Importer(815301076,1909f56bfc062723c751e8b465ee728b)  -> (artifact id: 'cc830952a25578f89a79651c1a870da2') in 0.023949 seconds
  Import took 0.026689 seconds .

========================================================================
Received Import Request.
  Time since last request: 0.000279 seconds.
  path: Assets/Packs/Village Asset/Models/Buildings/Blacksmith.fbx
  artifactKey: Guid(e5dc630ced3aadb4f9cb92cfb7c4cb09) Importer(815301076,1909f56bfc062723c751e8b465ee728b)
Start importing Assets/Packs/Village Asset/Models/Buildings/Blacksmith.fbx using Guid(e5dc630ced3aadb4f9cb92cfb7c4cb09) Importer(815301076,1909f56bfc062723c751e8b465ee728b)  -> (artifact id: '48e31e495f3f7dd7c2dd0bc6a718c4df') in 0.083299 seconds
  Import took 0.088688 seconds .

========================================================================
Received Import Request.
  Time since last request: 0.000469 seconds.
  path: Assets/Packs/Village Asset/Models/Buildings/Melter.fbx
  artifactKey: Guid(359062255db081a4f9f5bd2d0721a6ef) Importer(815301076,1909f56bfc062723c751e8b465ee728b)
Start importing Assets/Packs/Village Asset/Models/Buildings/Melter.fbx using Guid(359062255db081a4f9f5bd2d0721a6ef) Importer(815301076,1909f56bfc062723c751e8b465ee728b)  -> (artifact id: '1cd375a6e63f8d7f9bed35b70f5e16af') in 0.082100 seconds
  Import took 0.089163 seconds .

========================================================================
Received Import Request.
  Time since last request: 0.000934 seconds.
  path: Assets/Packs/Village Asset/Models/Coliders/Blacksmith_colider.fbx
  artifactKey: Guid(c2349286b56288049b0600e38bc46673) Importer(815301076,1909f56bfc062723c751e8b465ee728b)
Start importing Assets/Packs/Village Asset/Models/Coliders/Blacksmith_colider.fbx using Guid(c2349286b56288049b0600e38bc46673) Importer(815301076,1909f56bfc062723c751e8b465ee728b)  -> (artifact id: '3b66de83bb9ea5bd9ddf971c159119fb') in 0.055984 seconds
  Import took 0.061056 seconds .

========================================================================
Received Import Request.
  Time since last request: 0.000270 seconds.
  path: Assets/Packs/Village Asset/Prefabs/Tools and weapons/Arrow.prefab
  artifactKey: Guid(492faa32bd761204a9d6b22790604c2b) Importer(815301076,1909f56bfc062723c751e8b465ee728b)
Start importing Assets/Packs/Village Asset/Prefabs/Tools and weapons/Arrow.prefab using Guid(492faa32bd761204a9d6b22790604c2b) Importer(815301076,1909f56bfc062723c751e8b465ee728b)  -> (artifact id: '9055d259392bbdbd34475967905065c5') in 0.249782 seconds
  Import took 0.254946 seconds .

========================================================================
Received Import Request.
  Time since last request: 0.000519 seconds.
  path: Assets/Packs/Village Asset/Models/Coliders/Blacksmith_colider.fbx
  artifactKey: Guid(c2349286b56288049b0600e38bc46673) Importer(815301076,1909f56bfc062723c751e8b465ee728b)
Start importing Assets/Packs/Village Asset/Models/Coliders/Blacksmith_colider.fbx using Guid(c2349286b56288049b0600e38bc46673) Importer(815301076,1909f56bfc062723c751e8b465ee728b)  -> (artifact id: '3b66de83bb9ea5bd9ddf971c159119fb') in 0.035812 seconds
  Import took 0.041097 seconds .

========================================================================
Received Import Request.
  Time since last request: 0.000574 seconds.
  path: Assets/Packs/Village Asset/Models/Tools and Weapons/Arrow.fbx
  artifactKey: Guid(4013f3d06bac2304bb894742504c5d68) Importer(815301076,1909f56bfc062723c751e8b465ee728b)
Start importing Assets/Packs/Village Asset/Models/Tools and Weapons/Arrow.fbx using Guid(4013f3d06bac2304bb894742504c5d68) Importer(815301076,1909f56bfc062723c751e8b465ee728b)  -> (artifact id: '17a893ed2defe1a3bd08f3ac3894b3ca') in 0.073382 seconds
  Import took 0.080300 seconds .

========================================================================
Received Import Request.
  Time since last request: 0.047855 seconds.
  path: Assets/Packs/Village Asset/Models/Tools and Weapons/Arrow.fbx
  artifactKey: Guid(4013f3d06bac2304bb894742504c5d68) Importer(815301076,1909f56bfc062723c751e8b465ee728b)
Start importing Assets/Packs/Village Asset/Models/Tools and Weapons/Arrow.fbx using Guid(4013f3d06bac2304bb894742504c5d68) Importer(815301076,1909f56bfc062723c751e8b465ee728b)  -> (artifact id: '17a893ed2defe1a3bd08f3ac3894b3ca') in 0.028041 seconds
  Import took 0.034000 seconds .

========================================================================
Received Prepare
Reloading mono domain
Begin MonoManager ReloadAssembly
Registering precompiled unity dll's ...
Register platform support module: C:/Program Files/Unity/Hub/Editor/2020.2.0b6/Editor/Data/PlaybackEngines/WindowsStandaloneSupport/UnityEditor.WindowsStandalone.Extensions.dll
Registered in 0.003343 seconds.
Symbol file LoadedFromMemory doesn't match image C:\Users\Artem\Documents\Project\ProjectXClient\Library\PackageCache\com.unity.ext.nunit@1.0.0\net35\unity-custom\nunit.framework.dll
Native extension for WindowsStandalone target not found
Refreshing native plugins compatible for Editor in 103.37 ms, found 1 plugins.
Preloading 0 native plugins for Editor in 0.00 ms.
Invoked RoslynAnalysisRunner static constructor.
RoslynAnalysisRunner will not be running.
RoslynAnalysisRunner has terminated.
Mono: successfully reloaded assembly
- Completed reload, in  2.958 seconds
Platform modules already initialized, skipping
Registering precompiled user dll's ...
Registered in 0.009550 seconds.
Begin MonoManager ReloadAssembly
Symbol file LoadedFromMemory doesn't match image C:\Users\Artem\Documents\Project\ProjectXClient\Library\PackageCache\com.unity.ext.nunit@1.0.0\net35\unity-custom\nunit.framework.dll
Native extension for WindowsStandalone target not found
Refreshing native plugins compatible for Editor in 0.63 ms, found 1 plugins.
Preloading 0 native plugins for Editor in 0.00 ms.
Invoked RoslynAnalysisRunner static constructor.
RoslynAnalysisRunner will not be running.
RoslynAnalysisRunner has terminated.
Mono: successfully reloaded assembly
- Completed reload, in  3.823 seconds
Platform modules already initialized, skipping
Refreshing native plugins compatible for Editor in 0.42 ms, found 1 plugins.
Preloading 0 native plugins for Editor in 0.00 ms.
Unloading 25 Unused Serialized files (Serialized files now loaded: 0)
System memory in use before: 103.1 MB.
System memory in use after: 103.0 MB.

Unloading 20 unused Assets to reduce memory usage. Loaded Objects now: 1638.
Total: 2.399800 ms (FindLiveObjects: 0.349500 ms CreateObjectMapping: 0.059400 ms MarkObjects: 1.752300 ms  DeleteObjects: 0.237300 ms)

