Using pre-set license
Built from '2020.2/staging' branch; Version is '2020.2.0b8 (dff91d65251a) revision 14678301'; Using compiler version '192528614'; Build Type 'Release'
OS: 'Windows 10  (10.0.0) 64bit' Language: 'ru' Physical Memory: 7976 MB
BatchMode: 1, IsHumanControllingUs: 0, StartBugReporterOnCrash: 0, Is64bit: 1, IsPro: 0

 COMMAND LINE ARGUMENTS:
C:\Program Files\Unity\Hub\Editor\2020.2.0b8\Editor\Unity.exe
-adb2
-batchMode
-noUpm
-name
AssetImportWorker0
-projectPath
C:/Users/Artem/Documents/Project/ProjectXClient
-logFile
Logs/AssetImportWorker0.log
-srvPort
50371
Successfully changed project path to: C:/Users/Artem/Documents/Project/ProjectXClient
C:/Users/Artem/Documents/Project/ProjectXClient
Using Asset Import Pipeline V2.
Refreshing native plugins compatible for Editor in 29.60 ms, found 1 plugins.
Preloading 0 native plugins for Editor in 0.00 ms.
Initialize engine version: 2020.2.0b8 (dff91d65251a)
[Subsystems] Discovering subsystems at path C:/Program Files/Unity/Hub/Editor/2020.2.0b8/Editor/Data/Resources/UnitySubsystems
[Subsystems] Discovering subsystems at path C:/Users/Artem/Documents/Project/ProjectXClient/Assets
GfxDevice: creating device client; threaded=0
Direct3D:
    Version:  Direct3D 11.0 [level 11.1]
    Renderer: Intel(R) UHD Graphics (ID=0x9b41)
    Vendor:   
    VRAM:     3988 MB
    Driver:   26.20.100.7262
Initialize mono
Mono path[0] = 'C:/Program Files/Unity/Hub/Editor/2020.2.0b8/Editor/Data/Managed'
Mono path[1] = 'C:/Program Files/Unity/Hub/Editor/2020.2.0b8/Editor/Data/MonoBleedingEdge/lib/mono/unityjit'
Mono config path = 'C:/Program Files/Unity/Hub/Editor/2020.2.0b8/Editor/Data/MonoBleedingEdge/etc'
Using monoOptions --debugger-agent=transport=dt_socket,embedding=1,server=y,suspend=n,address=127.0.0.1:56900
Begin MonoManager ReloadAssembly
Registering precompiled unity dll's ...
Register platform support module: C:/Program Files/Unity/Hub/Editor/2020.2.0b8/Editor/Data/PlaybackEngines/WindowsStandaloneSupport/UnityEditor.WindowsStandalone.Extensions.dll
Registered in 0.001638 seconds.
Native extension for WindowsStandalone target not found
Refreshing native plugins compatible for Editor in 33.32 ms, found 1 plugins.
Preloading 0 native plugins for Editor in 0.00 ms.
Invoked RoslynAnalysisRunner static constructor.
RoslynAnalysisRunner will not be running.
RoslynAnalysisRunner has terminated.
Mono: successfully reloaded assembly
- Completed reload, in  1.890 seconds
Platform modules already initialized, skipping
Registering precompiled user dll's ...
Registered in 0.005237 seconds.
Begin MonoManager ReloadAssembly
Symbol file LoadedFromMemory doesn't match image C:\Users\Artem\Documents\Project\ProjectXClient\Library\PackageCache\com.unity.ext.nunit@1.0.0\net35\unity-custom\nunit.framework.dll
Native extension for WindowsStandalone target not found
Refreshing native plugins compatible for Editor in 0.38 ms, found 1 plugins.
Preloading 0 native plugins for Editor in 0.00 ms.
DisplayProgressbar: Restoring NuGet Packages
Invoked RoslynAnalysisRunner static constructor.
RoslynAnalysisRunner will not be running.
RoslynAnalysisRunner has terminated.
Mono: successfully reloaded assembly
- Completed reload, in  1.103 seconds
Platform modules already initialized, skipping
========================================================================
Worker process is ready to serve import requests
Launched and connected shader compiler UnityShaderCompiler.exe after 0.05 seconds
Refreshing native plugins compatible for Editor in 0.37 ms, found 1 plugins.
Preloading 0 native plugins for Editor in 0.00 ms.
Unloading 1129 Unused Serialized files (Serialized files now loaded: 0)
System memory in use before: 76.2 MB.
System memory in use after: 76.0 MB.

Unloading 24 unused Assets to reduce memory usage. Loaded Objects now: 1579.
Total: 2.163500 ms (FindLiveObjects: 0.283500 ms CreateObjectMapping: 0.056400 ms MarkObjects: 1.581000 ms  DeleteObjects: 0.241700 ms)

========================================================================
Received Import Request.
  path: Assets/BuildingManager.cs
  artifactKey: Guid(058df6ad25da7d64d8ade3b026de0f4a) Importer(815301076,1909f56bfc062723c751e8b465ee728b)
Start importing Assets/BuildingManager.cs using Guid(058df6ad25da7d64d8ade3b026de0f4a) Importer(815301076,1909f56bfc062723c751e8b465ee728b)  -> (artifact id: '0dcaadc5fdad474db1e49d4f11f4f420') in 0.036105 seconds
  Import took 0.038580 seconds .

========================================================================
Received Import Request.
  Time since last request: 0.000508 seconds.
  path: Assets/NetworkManagerImpl.cs
  artifactKey: Guid(8196eac8b74bb684c8f9fea66b2ce1ab) Importer(815301076,1909f56bfc062723c751e8b465ee728b)
Start importing Assets/NetworkManagerImpl.cs using Guid(8196eac8b74bb684c8f9fea66b2ce1ab) Importer(815301076,1909f56bfc062723c751e8b465ee728b)  -> (artifact id: '1cda965843ed72e019993f672d45e221') in 0.006697 seconds
  Import took 0.008973 seconds .

========================================================================
Received Import Request.
  Time since last request: 0.000307 seconds.
  path: Assets/LoginManager.cs
  artifactKey: Guid(2c6331c33b9516542a6bec473f617fcb) Importer(815301076,1909f56bfc062723c751e8b465ee728b)
Start importing Assets/LoginManager.cs using Guid(2c6331c33b9516542a6bec473f617fcb) Importer(815301076,1909f56bfc062723c751e8b465ee728b)  -> (artifact id: '23137b74f683daf13844e2a1bb8f64b8') in 0.007326 seconds
  Import took 0.010748 seconds .

========================================================================
Received Import Request.
  Time since last request: 0.000309 seconds.
  path: Assets/MapManager.cs
  artifactKey: Guid(bbfd91f43fbdbf7b28f87381f9bf4d47) Importer(815301076,1909f56bfc062723c751e8b465ee728b)
Start importing Assets/MapManager.cs using Guid(bbfd91f43fbdbf7b28f87381f9bf4d47) Importer(815301076,1909f56bfc062723c751e8b465ee728b)  -> (artifact id: '1002b53d5e419c7eb28b71172b89edbd') in 0.006968 seconds
  Import took 0.011295 seconds .

========================================================================
Received Import Request.
  Time since last request: 0.000244 seconds.
  path: Assets/NetworkParser.cs
  artifactKey: Guid(dd9fffffe37a04b4bb550faf5e189e0a) Importer(815301076,1909f56bfc062723c751e8b465ee728b)
Start importing Assets/NetworkParser.cs using Guid(dd9fffffe37a04b4bb550faf5e189e0a) Importer(815301076,1909f56bfc062723c751e8b465ee728b)  -> (artifact id: 'cad267df1a5566ea58bf0cb1a0b2919b') in 0.008074 seconds
  Import took 0.011404 seconds .

========================================================================
Received Import Request.
  Time since last request: 0.000302 seconds.
  path: Assets/GameManager.cs
  artifactKey: Guid(ea0b3c8e731db7640a47a2dfe3560e21) Importer(815301076,1909f56bfc062723c751e8b465ee728b)
Start importing Assets/GameManager.cs using Guid(ea0b3c8e731db7640a47a2dfe3560e21) Importer(815301076,1909f56bfc062723c751e8b465ee728b)  -> (artifact id: '1926df8f8e85dda66465ba78dbaa1b7d') in 0.008221 seconds
  Import took 0.011507 seconds .

========================================================================
Received Import Request.
  Time since last request: 0.000296 seconds.
  path: Assets/NetworkManager.cs
  artifactKey: Guid(984c80a903208a841b7aea1d71fe4827) Importer(815301076,1909f56bfc062723c751e8b465ee728b)
Start importing Assets/NetworkManager.cs using Guid(984c80a903208a841b7aea1d71fe4827) Importer(815301076,1909f56bfc062723c751e8b465ee728b)  -> (artifact id: '1015e466626ae5d9412c79ea0f6c6f4c') in 0.007968 seconds
  Import took 0.011320 seconds .

========================================================================
Received Import Request.
  Time since last request: 0.000223 seconds.
  path: Assets/EventBus.cs
  artifactKey: Guid(7a128557425dda44caa0cf1110a460ac) Importer(815301076,1909f56bfc062723c751e8b465ee728b)
Start importing Assets/EventBus.cs using Guid(7a128557425dda44caa0cf1110a460ac) Importer(815301076,1909f56bfc062723c751e8b465ee728b)  -> (artifact id: '7d5c0be435791f2b938d115ae81a971c') in 0.008516 seconds
  Import took 0.011772 seconds .

========================================================================
Received Import Request.
  Time since last request: 0.000257 seconds.
  path: Assets/BuildItem.cs
  artifactKey: Guid(0a7174f06b1941b4982dde8944f483c2) Importer(815301076,1909f56bfc062723c751e8b465ee728b)
Start importing Assets/BuildItem.cs using Guid(0a7174f06b1941b4982dde8944f483c2) Importer(815301076,1909f56bfc062723c751e8b465ee728b)  -> (artifact id: '1c4c08b28f44373dd782d89adbc4eb4b') in 0.007439 seconds
  Import took 0.010377 seconds .

========================================================================
Received Prepare
Reloading mono domain
Begin MonoManager ReloadAssembly
Registering precompiled unity dll's ...
Register platform support module: C:/Program Files/Unity/Hub/Editor/2020.2.0b8/Editor/Data/PlaybackEngines/WindowsStandaloneSupport/UnityEditor.WindowsStandalone.Extensions.dll
Registered in 0.001560 seconds.
Symbol file LoadedFromMemory doesn't match image C:\Users\Artem\Documents\Project\ProjectXClient\Library\PackageCache\com.unity.ext.nunit@1.0.0\net35\unity-custom\nunit.framework.dll
Native extension for WindowsStandalone target not found
Refreshing native plugins compatible for Editor in 37.33 ms, found 1 plugins.
Preloading 0 native plugins for Editor in 0.00 ms.
Invoked RoslynAnalysisRunner static constructor.
RoslynAnalysisRunner will not be running.
RoslynAnalysisRunner has terminated.
Mono: successfully reloaded assembly
- Completed reload, in  1.374 seconds
Platform modules already initialized, skipping
Registering precompiled user dll's ...
Registered in 0.007095 seconds.
Begin MonoManager ReloadAssembly
Symbol file LoadedFromMemory doesn't match image C:\Users\Artem\Documents\Project\ProjectXClient\Library\PackageCache\com.unity.ext.nunit@1.0.0\net35\unity-custom\nunit.framework.dll
Native extension for WindowsStandalone target not found
Refreshing native plugins compatible for Editor in 0.38 ms, found 1 plugins.
Preloading 0 native plugins for Editor in 0.00 ms.
Invoked RoslynAnalysisRunner static constructor.
RoslynAnalysisRunner will not be running.
RoslynAnalysisRunner has terminated.
Mono: successfully reloaded assembly
- Completed reload, in  1.166 seconds
Platform modules already initialized, skipping
Refreshing native plugins compatible for Editor in 0.41 ms, found 1 plugins.
Preloading 0 native plugins for Editor in 0.00 ms.
Unloading 25 Unused Serialized files (Serialized files now loaded: 0)
System memory in use before: 65.2 MB.
System memory in use after: 65.1 MB.

Unloading 19 unused Assets to reduce memory usage. Loaded Objects now: 1592.
Total: 3.604800 ms (FindLiveObjects: 0.379700 ms CreateObjectMapping: 0.061300 ms MarkObjects: 2.931600 ms  DeleteObjects: 0.230200 ms)

========================================================================
Received Prepare
Reloading mono domain
Begin MonoManager ReloadAssembly
Registering precompiled unity dll's ...
Register platform support module: C:/Program Files/Unity/Hub/Editor/2020.2.0b8/Editor/Data/PlaybackEngines/WindowsStandaloneSupport/UnityEditor.WindowsStandalone.Extensions.dll
Registered in 0.002573 seconds.
Symbol file LoadedFromMemory doesn't match image C:\Users\Artem\Documents\Project\ProjectXClient\Library\PackageCache\com.unity.ext.nunit@1.0.0\net35\unity-custom\nunit.framework.dll
Native extension for WindowsStandalone target not found
Refreshing native plugins compatible for Editor in 45.34 ms, found 1 plugins.
Preloading 0 native plugins for Editor in 0.00 ms.
Invoked RoslynAnalysisRunner static constructor.
RoslynAnalysisRunner will not be running.
RoslynAnalysisRunner has terminated.
Mono: successfully reloaded assembly
- Completed reload, in  1.516 seconds
Platform modules already initialized, skipping
Registering precompiled user dll's ...
Registered in 0.005692 seconds.
Begin MonoManager ReloadAssembly
Symbol file LoadedFromMemory doesn't match image C:\Users\Artem\Documents\Project\ProjectXClient\Library\PackageCache\com.unity.ext.nunit@1.0.0\net35\unity-custom\nunit.framework.dll
Native extension for WindowsStandalone target not found
Refreshing native plugins compatible for Editor in 0.41 ms, found 1 plugins.
Preloading 0 native plugins for Editor in 0.00 ms.
Invoked RoslynAnalysisRunner static constructor.
RoslynAnalysisRunner will not be running.
RoslynAnalysisRunner has terminated.
Mono: successfully reloaded assembly
- Completed reload, in  1.284 seconds
Platform modules already initialized, skipping
Refreshing native plugins compatible for Editor in 0.38 ms, found 1 plugins.
Preloading 0 native plugins for Editor in 0.00 ms.
Unloading 25 Unused Serialized files (Serialized files now loaded: 0)
System memory in use before: 76.0 MB.
System memory in use after: 75.9 MB.

Unloading 19 unused Assets to reduce memory usage. Loaded Objects now: 1604.
Total: 2.294700 ms (FindLiveObjects: 0.252800 ms CreateObjectMapping: 0.036800 ms MarkObjects: 1.787700 ms  DeleteObjects: 0.215900 ms)

========================================================================
Received Import Request.
  Time since last request: 1467.455405 seconds.
  path: Assets/Fonts/OpenSansCondensed-Bold.ttf
  artifactKey: Guid(b869692ad4e7ac14ebc6bcc7ea4b358c) Importer(815301076,1909f56bfc062723c751e8b465ee728b)
Start importing Assets/Fonts/OpenSansCondensed-Bold.ttf using Guid(b869692ad4e7ac14ebc6bcc7ea4b358c) Importer(815301076,1909f56bfc062723c751e8b465ee728b)  -> (artifact id: '330c78cb3786b5d05e54eb80c3345418') in 0.130961 seconds
  Import took 0.134336 seconds .

========================================================================
Received Import Request.
  Time since last request: 0.000482 seconds.
  path: Assets/Fonts/OpenSansCondensed-LightItalic.ttf
  artifactKey: Guid(6c8f1de6db118654c842a2c8cddcaaa0) Importer(815301076,1909f56bfc062723c751e8b465ee728b)
Start importing Assets/Fonts/OpenSansCondensed-LightItalic.ttf using Guid(6c8f1de6db118654c842a2c8cddcaaa0) Importer(815301076,1909f56bfc062723c751e8b465ee728b)  -> (artifact id: '634f69a4eb8f377956e084d5115cb2e8') in 0.015031 seconds
  Import took 0.018166 seconds .

========================================================================
Received Import Request.
  Time since last request: 0.000375 seconds.
  path: Assets/Fonts/OpenSansCondensed-Light.ttf
  artifactKey: Guid(d5bb121e48ec9da4ea9104078bd37276) Importer(815301076,1909f56bfc062723c751e8b465ee728b)
Start importing Assets/Fonts/OpenSansCondensed-Light.ttf using Guid(d5bb121e48ec9da4ea9104078bd37276) Importer(815301076,1909f56bfc062723c751e8b465ee728b)  -> (artifact id: '82bdff9f57ede8aca6d320af2db479ef') in 0.019751 seconds
  Import took 0.022496 seconds .

========================================================================
Received Prepare
Reloading mono domain
Begin MonoManager ReloadAssembly
Registering precompiled unity dll's ...
Register platform support module: C:/Program Files/Unity/Hub/Editor/2020.2.0b8/Editor/Data/PlaybackEngines/WindowsStandaloneSupport/UnityEditor.WindowsStandalone.Extensions.dll
Registered in 0.001128 seconds.
Symbol file LoadedFromMemory doesn't match image C:\Users\Artem\Documents\Project\ProjectXClient\Library\PackageCache\com.unity.ext.nunit@1.0.0\net35\unity-custom\nunit.framework.dll
Native extension for WindowsStandalone target not found
Refreshing native plugins compatible for Editor in 38.76 ms, found 1 plugins.
Preloading 0 native plugins for Editor in 0.00 ms.
Invoked RoslynAnalysisRunner static constructor.
RoslynAnalysisRunner will not be running.
RoslynAnalysisRunner has terminated.
Mono: successfully reloaded assembly
- Completed reload, in  1.408 seconds
Platform modules already initialized, skipping
Registering precompiled user dll's ...
Registered in 0.005572 seconds.
Begin MonoManager ReloadAssembly
Symbol file LoadedFromMemory doesn't match image C:\Users\Artem\Documents\Project\ProjectXClient\Library\PackageCache\com.unity.ext.nunit@1.0.0\net35\unity-custom\nunit.framework.dll
Native extension for WindowsStandalone target not found
Refreshing native plugins compatible for Editor in 0.31 ms, found 1 plugins.
Preloading 0 native plugins for Editor in 0.00 ms.
Invoked RoslynAnalysisRunner static constructor.
RoslynAnalysisRunner will not be running.
RoslynAnalysisRunner has terminated.
Mono: successfully reloaded assembly
- Completed reload, in  0.992 seconds
Platform modules already initialized, skipping
Refreshing native plugins compatible for Editor in 0.32 ms, found 1 plugins.
Preloading 0 native plugins for Editor in 0.00 ms.
Unloading 26 Unused Serialized files (Serialized files now loaded: 0)
System memory in use before: 90.3 MB.
System memory in use after: 90.2 MB.

Unloading 19 unused Assets to reduce memory usage. Loaded Objects now: 1661.
Total: 1.647500 ms (FindLiveObjects: 0.225800 ms CreateObjectMapping: 0.026900 ms MarkObjects: 1.235500 ms  DeleteObjects: 0.157900 ms)

